build/app/outputs/mapping/release/seeds.txt
com.example.pass_app.MainActivity: MainActivity()
com.example.pass_app.MainActivity
...
androidx.appcompat.widget.Toolbar: int getCurrentContentInsetEnd()
androidx.appcompat.widget.AppCompatImageButton: void setImageBitmap(android.graphics.Bitmap)
androidx.appcompat.widget.ActionMenuView: void setOverflowIcon(android.graphics.drawable.Drawable)
io.flutter.embedding.engine.FlutterJNI: void onRenderingStopped()
com.google.android.exoplayer2.video.VideoDecoderOutputBuffer: void initForPrivateFrame(int,int)
androidx.appcompat.widget.ViewStubCompat: android.view.LayoutInflater getLayoutInflater()
androidx.appcompat.widget.Toolbar: android.widget.TextView getTitleTextView()
androidx.appcompat.widget.AppCompatSpinner: void setSupportBackgroundTintMode(android.graphics.PorterDuff$Mode)
androidx.appcompat.widget.AppCompatSpinner: void setDropDownVerticalOffset(int)
androidx.appcompat.widget.Toolbar: android.content.Context getPopupContext()
androidx.appcompat.widget.AppCompatEditText: void setSupportBackgroundTintList(android.content.res.ColorStateList)
androidx.vectordrawable.graphics.drawable.VectorDrawableCompat$VFullPath: void setTrimPathOffset(float)
androidx.vectordrawable.graphics.drawable.VectorDrawableCompat$VFullPath: void setFillColor(int)
io.flutter.embedding.android.RenderMode: io.flutter.embedding.android.RenderMode[] values()
androidx.vectordrawable.graphics.drawable.VectorDrawableCompat$VFullPath: float getTrimPathEnd()
androidx.lifecycle.ReportFragment$LifecycleCallbacks: void onActivitySaveInstanceState(android.app.Activity,android.os.Bundle)
androidx.appcompat.widget.SearchView: int getPreferredHeight()
com.google.android.exoplayer2.trackselection.DefaultTrackSelector$SelectionOverride: android.os.Parcelable$Creator CREATOR
io.flutter.embedding.engine.FlutterJNI: void onSurfaceCreated(android.view.Surface)
androidx.appcompat.widget.Toolbar$SavedState: android.os.Parcelable$Creator CREATOR
io.flutter.embedding.engine.mutatorsstack.FlutterMutatorsStack: android.graphics.Matrix getFinalMatrix()
org.chromium.support_lib_boundary.StaticsBoundaryInterface: void setSafeBrowsingWhitelist(java.util.List,android.webkit.ValueCallback)
androidx.core.graphics.drawable.IconCompatParcelizer
com.google.android.exoplayer2.source.dash.DashMediaSource$Factory
androidx.appcompat.widget.ActionBarOverlayLayout: void setLogo(int)
androidx.vectordrawable.graphics.drawable.VectorDrawableCompat$VectorDrawableDelegateState: int getChangingConfigurations()
io.flutter.embedding.engine.FlutterJNI: void nativeSurfaceDestroyed(long)
androidx.appcompat.widget.AppCompatButton: void setCustomSelectionActionModeCallback(android.view.ActionMode$Callback)
androidx.appcompat.widget.AppCompatMultiAutoCompleteTextView: android.content.res.ColorStateList getSupportBackgroundTintList()
androidx.appcompat.widget.AppCompatAutoCompleteTextView: void setBackgroundResource(int)
androidx.appcompat.widget.SearchView: int getPreferredWidth()
io.flutter.embedding.engine.FlutterJNI: void nativeUpdateJavaAssetManager(long,android.content.res.AssetManager,java.lang.String)
okhttp3.Protocol: okhttp3.Protocol valueOf(java.lang.String)
io.flutter.view.AccessibilityViewEmbedder: java.lang.Integer getRecordFlutterId(android.view.View,android.view.accessibility.AccessibilityRecord)
androidx.appcompat.widget.SearchView: int getInputType()
org.chromium.support_lib_boundary.WebViewClientBoundaryInterface: void onReceivedError(android.webkit.WebView,android.webkit.WebResourceRequest,java.lang.reflect.InvocationHandler)
io.flutter.plugin.editing.ImeSyncDeferringInsetsCallback$AnimationCallback: android.view.WindowInsets onProgress(android.view.WindowInsets,java.util.List)
androidx.appcompat.widget.ActionBarOverlayLayout: int getActionBarHideOffset()
androidx.appcompat.widget.AppCompatCheckBox
org.chromium.support_lib_boundary.WebResourceErrorBoundaryInterface: java.lang.CharSequence getDescription()
androidx.core.widget.NestedScrollView: float getTopFadingEdgeStrength()
io.flutter.plugin.editing.ImeSyncDeferringInsetsCallback: android.view.View view