build/app/outputs/mapping/release/mapping.txt
# compiler: R8
# compiler_version: 2.1.62
# min_api: 16
# pg_map_id: 8f0a455
# common_typos_disable
...
androidx.transition.ViewUtils$2 -> b.j.c0$b:
    android.graphics.Rect get(android.view.View) -> a
    void set(android.view.View,android.graphics.Rect) -> b
androidx.transition.ViewUtilsApi19 -> b.j.d0:
    boolean sTryHiddenTransitionAlpha -> e
    void clearNonTransitionAlpha(android.view.View) -> a
    float getTransitionAlpha(android.view.View) -> c
    void saveNonTransitionAlpha(android.view.View) -> d
    void setTransitionAlpha(android.view.View,float) -> f
androidx.transition.ViewUtilsApi21 -> b.j.e0:
    boolean sTryHiddenTransformMatrixToGlobal -> f
    boolean sTryHiddenTransformMatrixToLocal -> g
    void transformMatrixToGlobal(android.view.View,android.graphics.Matrix) -> h
    void transformMatrixToLocal(android.view.View,android.graphics.Matrix) -> i
androidx.transition.ViewUtilsApi22 -> b.j.f0:
    boolean sTryHiddenSetLeftTopRightBottom -> h
    void setLeftTopRightBottom(android.view.View,int,int,int,int) -> e
androidx.transition.ViewUtilsApi23 -> b.j.g0:
    boolean sTryHiddenSetTransitionVisibility -> i
    void setTransitionVisibility(android.view.View,int) -> g
androidx.transition.ViewUtilsApi29 -> b.j.h0:
    float getTransitionAlpha(android.view.View) -> c
    void setLeftTopRightBottom(android.view.View,int,int,int,int) -> e
    void setTransitionAlpha(android.view.View,float) -> f
    void setTransitionVisibility(android.view.View,int) -> g
    void transformMatrixToGlobal(android.view.View,android.graphics.Matrix) -> h
    void transformMatrixToLocal(android.view.View,android.graphics.Matrix) -> i
androidx.transition.ViewUtilsBase -> b.j.i0:
    java.lang.reflect.Field sViewFlagsField -> c
    boolean sSetFrameFetched -> b
    java.lang.reflect.Method sSetFrameMethod -> a
    boolean sViewFlagsFieldFetched -> d
    void clearNonTransitionAlpha(android.view.View) -> a
    void fetchSetFrame() -> b
    float getTransitionAlpha(android.view.View) -> c
    void saveNonTransitionAlpha(android.view.View) -> d
    void setLeftTopRightBottom(android.view.View,int,int,int,int) -> e
    void setTransitionAlpha(android.view.View,float) -> f
    void setTransitionVisibility(android.view.View,int) -> g
    void transformMatrixToGlobal(android.view.View,android.graphics.Matrix) -> h
    void transformMatrixToLocal(android.view.View,android.graphics.Matrix) -> i
androidx.transition.Visibility -> b.j.j0:
    java.lang.String[] sTransitionProperties -> M
    int mMode -> L
    java.lang.String[] getTransitionProperties() -> E
    boolean isTransitionRequired(androidx.transition.TransitionValues,androidx.transition.TransitionValues) -> G
    void captureValues(androidx.transition.TransitionValues) -> d0
    androidx.transition.Visibility$VisibilityInfo getVisibilityChangeInfo(androidx.transition.TransitionValues,androidx.transition.TransitionValues) -> e0
    android.animation.Animator onAppear(android.view.ViewGroup,android.view.View,androidx.transition.TransitionValues,androidx.transition.TransitionValues) -> f0
    void captureEndValues(androidx.transition.TransitionValues) -> g
    android.animation.Animator onAppear(android.view.ViewGroup,androidx.transition.TransitionValues,int,androidx.transition.TransitionValues,int) -> g0
    android.animation.Animator onDisappear(android.view.ViewGroup,android.view.View,androidx.transition.TransitionValues,androidx.transition.TransitionValues) -> h0
    android.animation.Animator onDisappear(android.view.ViewGroup,androidx.transition.TransitionValues,int,androidx.transition.TransitionValues,int) -> i0
    void captureStartValues(androidx.transition.TransitionValues) -> j
    void setMode(int) -> j0
    android.animation.Animator createAnimator(android.view.ViewGroup,androidx.transition.TransitionValues,androidx.transition.TransitionValues) -> n