build/app/outputs/mapping/release/usage.txt
com.example.pass_app.R$drawable
com.example.pass_app.R$dimen
com.example.pass_app.R$string
com.example.pass_app.R$integer
com.example.pass_app.R$style
com.example.pass_app.R$anim
com.example.pass_app.R$layout
com.example.pass_app.R$menu
com.example.pass_app.R$color
com.example.pass_app.R$interpolator
com.example.pass_app.R$xml
com.example.pass_app.R$styleable
com.example.pass_app.R$attr
com.example.pass_app.R$id
com.example.pass_app.BuildConfig
com.example.pass_app.R$bool
com.example.pass_app.R$mipmap
com.example.pass_app.R
...
com.google.common.base.Predicates$OrPredicate
androidx.viewpager.R$integer
com.google.common.util.concurrent.ExecutionSequencer$RunningState
com.google.common.collect.AbstractMapBasedMultimap$RandomAccessWrappedList
com.google.common.reflect.Reflection
androidx.webkit.internal.WebResourceRequestAdapter
kotlin.collections.ArraysKt___ArraysJvmKt:
    private static final java.lang.Object elementAt(java.lang.Object[],int)
    private static final byte elementAt(byte[],int)
    private static final short elementAt(short[],int)
    private static final int elementAt(int[],int)
    private static final long elementAt(long[],int)
    private static final float elementAt(float[],int)
    private static final double elementAt(double[],int)
    private static final boolean elementAt(boolean[],int)
    private static final char elementAt(char[],int)
    public static final java.util.List filterIsInstance(java.lang.Object[],java.lang.Class)
    public static final java.util.Collection filterIsInstanceTo(java.lang.Object[],java.util.Collection,java.lang.Class)
    public static final java.util.List asList(java.lang.Object[])
    public static final java.util.List asList(byte[])
    public static final java.util.List asList(short[])
    public static final java.util.List asList(int[])
    public static final java.util.List asList(long[])
    public static final java.util.List asList(float[])
    public static final java.util.List asList(double[])
    public static final java.util.List asList(boolean[])
    public static final java.util.List asList(char[])
    public static final int binarySearch(java.lang.Object[],java.lang.Object,java.util.Comparator,int,int)
com.google.android.exoplayer2.analytics.PlaybackSessionManager
io.flutter.plugins.sharedpreferences.R$style
com.tekartik.sqflite.R$styleable
kotlin.collections.ByteIterator
com.google.common.collect.MapMakerInternalMap$WeakKeyDummyValueEntry
okhttp3.Connection:
    public abstract okhttp3.Route route()
    public abstract java.net.Socket socket()
    public abstract okhttp3.Handshake handshake()
    public abstract okhttp3.Protocol protocol()
androidx.vectordrawable.R$layout
kotlin.coroutines.experimental.SequenceBuilder
androidx.transition.ChangeImageTransform$3
com.google.android.exoplayer2.ExoPlayer$Builder
okhttp3.internal.ws.WebSocketWriter$FrameSink
com.google.android.exoplayer2.C$Encoding
androidx.drawerlayout.R$string
androidx.appcompat.widget.DrawableUtils:
    private void <init>()
    public static android.graphics.Rect getOpticalBounds(android.graphics.drawable.Drawable)
    private static final java.lang.String TAG
    private static final java.lang.String VECTOR_DRAWABLE_CLAZZ_NAME
com.yalantis.ucrop.R$menu:
    private void <init>()
kotlin.jvm.internal.ArrayIntIterator
com.yalantis.ucrop.view.TransformImageView:
    public void <init>(android.content.Context)
    protected void printMatrix(java.lang.String,android.graphics.Matrix)
    private static final java.lang.String TAG
    private static final int RECT_CORNER_POINTS_COORDS
    private static final int RECT_CENTER_POINT_COORDS
    private static final int MATRIX_VALUES_COUNT
androidx.core.view.ScrollingView
okhttp3.RequestBody$1
com.google.common.util.concurrent.SequentialExecutor$QueueWorker
com.google.common.base.Suppliers$ExpiringMemoizingSupplier
com.google.android.exoplayer2.extractor.ts.Ac3Reader:
    private static final int STATE_FINDING_SYNC
    private static final int STATE_READING_HEADER
    private static final int STATE_READING_SAMPLE
    private static final int HEADER_SIZE
com.google.common.io.Files$FilePredicate
com.google.common.collect.Multimaps$MapMultimap$1
com.google.common.util.concurrent.MoreExecutors$5
com.google.common.cache.CacheBuilder$2
com.google.common.collect.MinMaxPriorityQueue$Heap
com.google.common.util.concurrent.AbstractIdleService$1
kotlin.io.FileTreeWalk$FileTreeWalkIterator$SingleFileState
com.google.common.collect.ImmutableSortedMultisetFauxverideShim